========== CodeContractsTest.GenCounter.Void updateCount(Boolean)

Test generation statistics.
647    : TRIED to create test ending with this member
2      : FAILED TO CREATE: found no input arguments
143    : FAILED TO CREATE: found inputs, but new test syntactially the same as an old test
502    : SUCCEEDED in creating a new test

Test execution statistics.
494    : normal
8      : System.Diagnostics.Contracts.__ContractsRuntime+ContractException

========== CodeContractsTest.GenCounter.Int32 getCount()

Test generation statistics.
638    : TRIED to create test ending with this member
8      : FAILED TO CREATE: found no input arguments
203    : FAILED TO CREATE: found inputs, but new test syntactially the same as an old test
427    : SUCCEEDED in creating a new test

Test execution statistics.
427    : normal

========== CodeContractsTest.GenCounter.Void resetCount()

Test generation statistics.
637    : TRIED to create test ending with this member
8      : FAILED TO CREATE: found no input arguments
197    : FAILED TO CREATE: found inputs, but new test syntactially the same as an old test
432    : SUCCEEDED in creating a new test

Test execution statistics.
432    : normal

========== CodeContractsTest.GenCounter constructor Void .ctor()

Test generation statistics.
588    : TRIED to create test ending with this member
0      : FAILED TO CREATE: found no input arguments
587    : FAILED TO CREATE: found inputs, but new test syntactially the same as an old test
1      : SUCCEEDED in creating a new test

Test execution statistics.
1      : normal

