========== CodeContractsTest.GenCounter.Int32 getCount()

Test generation statistics.
779    : TRIED to create test ending with this member
9      : FAILED TO CREATE: found no input arguments
255    : FAILED TO CREATE: found inputs, but new test syntactially the same as an old test
515    : SUCCEEDED in creating a new test

Test execution statistics.
515    : normal

========== CodeContractsTest.GenCounter.Void updateCount(Boolean)

Test generation statistics.
764    : TRIED to create test ending with this member
2      : FAILED TO CREATE: found no input arguments
170    : FAILED TO CREATE: found inputs, but new test syntactially the same as an old test
592    : SUCCEEDED in creating a new test

Test execution statistics.
583    : normal
9      : System.Diagnostics.Contracts.__ContractsRuntime+ContractException

========== CodeContractsTest.GenCounter.Void resetCount()

Test generation statistics.
759    : TRIED to create test ending with this member
8      : FAILED TO CREATE: found no input arguments
239    : FAILED TO CREATE: found inputs, but new test syntactially the same as an old test
512    : SUCCEEDED in creating a new test

Test execution statistics.
512    : normal

========== CodeContractsTest.GenCounter constructor Void .ctor()

Test generation statistics.
737    : TRIED to create test ending with this member
0      : FAILED TO CREATE: found no input arguments
736    : FAILED TO CREATE: found inputs, but new test syntactially the same as an old test
1      : SUCCEEDED in creating a new test

Test execution statistics.
1      : normal

