========== CodeContractsTest.GenCounter.Void updateCount(Boolean)

Test generation statistics.
638    : TRIED to create test ending with this member
2      : FAILED TO CREATE: found no input arguments
142    : FAILED TO CREATE: found inputs, but new test syntactially the same as an old test
494    : SUCCEEDED in creating a new test

Test execution statistics.
486    : normal
8      : System.Diagnostics.Contracts.__ContractsRuntime+ContractException

========== CodeContractsTest.GenCounter.Int32 getCount()

Test generation statistics.
630    : TRIED to create test ending with this member
8      : FAILED TO CREATE: found no input arguments
200    : FAILED TO CREATE: found inputs, but new test syntactially the same as an old test
422    : SUCCEEDED in creating a new test

Test execution statistics.
422    : normal

========== CodeContractsTest.GenCounter.Void resetCount()

Test generation statistics.
627    : TRIED to create test ending with this member
8      : FAILED TO CREATE: found no input arguments
190    : FAILED TO CREATE: found inputs, but new test syntactially the same as an old test
429    : SUCCEEDED in creating a new test

Test execution statistics.
429    : normal

========== CodeContractsTest.GenCounter constructor Void .ctor()

Test generation statistics.
586    : TRIED to create test ending with this member
0      : FAILED TO CREATE: found no input arguments
585    : FAILED TO CREATE: found inputs, but new test syntactially the same as an old test
1      : SUCCEEDED in creating a new test

Test execution statistics.
1      : normal

