========== CodeContractsTest.GenCounter.Int32 getCount()

Test generation statistics.
607    : TRIED to create test ending with this member
8      : FAILED TO CREATE: found no input arguments
190    : FAILED TO CREATE: found inputs, but new test syntactially the same as an old test
409    : SUCCEEDED in creating a new test

Test execution statistics.
409    : normal

========== CodeContractsTest.GenCounter.Void updateCount(Boolean)

Test generation statistics.
602    : TRIED to create test ending with this member
2      : FAILED TO CREATE: found no input arguments
133    : FAILED TO CREATE: found inputs, but new test syntactially the same as an old test
467    : SUCCEEDED in creating a new test

Test execution statistics.
459    : normal
8      : System.Diagnostics.Contracts.__ContractsRuntime+ContractException

========== CodeContractsTest.GenCounter.Void resetCount()

Test generation statistics.
599    : TRIED to create test ending with this member
8      : FAILED TO CREATE: found no input arguments
179    : FAILED TO CREATE: found inputs, but new test syntactially the same as an old test
412    : SUCCEEDED in creating a new test

Test execution statistics.
412    : normal

========== CodeContractsTest.GenCounter constructor Void .ctor()

Test generation statistics.
553    : TRIED to create test ending with this member
0      : FAILED TO CREATE: found no input arguments
552    : FAILED TO CREATE: found inputs, but new test syntactially the same as an old test
1      : SUCCEEDED in creating a new test

Test execution statistics.
1      : normal

